<?xml version="1.0" encoding="UTF-8"?>
<testsuite xmlns:xsi="http://www.w3.org/2001/XMLSchema-instance" xsi:noNamespaceSchemaLocation="https://maven.apache.org/surefire/maven-surefire-plugin/xsd/surefire-test-report.xsd" name="nandang.belajar.maven.AppTest" time="0.051" tests="1" errors="0" skipped="0" failures="0">
  <properties>
    <property name="java.specification.version" value="18"/>
    <property name="sun.jnu.encoding" value="UTF-8"/>
    <property name="java.class.path" value="/home/nan/Devlearning/Language/java/belajar-apache-maven/target/test-classes:/home/nan/Devlearning/Language/java/belajar-apache-maven/target/classes:/home/nan/.m2/repository/junit/junit/4.11/junit-4.11.jar:/home/nan/.m2/repository/org/hamcrest/hamcrest-core/1.3/hamcrest-core-1.3.jar:/home/nan/.m2/repository/com/google/code/gson/gson/2.10/gson-2.10.jar:"/>
    <property name="java.vm.vendor" value="Oracle Corporation"/>
    <property name="sun.arch.data.model" value="64"/>
    <property name="java.vendor.url" value="https://java.oracle.com/"/>
    <property name="os.name" value="Linux"/>
    <property name="java.vm.specification.version" value="18"/>
    <property name="sun.java.launcher" value="SUN_STANDARD"/>
    <property name="user.country" value="US"/>
    <property name="sun.boot.library.path" value="/home/nan/Tools/bin/openjdk-18.0.2_linux-x64_bin/jdk-18.0.2/lib"/>
    <property name="sun.java.command" value="/home/nan/Devlearning/Language/java/belajar-apache-maven/target/surefire/surefirebooter16486694865979035974.jar /home/nan/Devlearning/Language/java/belajar-apache-maven/target/surefire 2022-11-29T15-22-03_309-jvmRun1 surefire519073470554066144tmp surefire_013426189984285904662tmp"/>
    <property name="jdk.debug" value="release"/>
    <property name="surefire.test.class.path" value="/home/nan/Devlearning/Language/java/belajar-apache-maven/target/test-classes:/home/nan/Devlearning/Language/java/belajar-apache-maven/target/classes:/home/nan/.m2/repository/junit/junit/4.11/junit-4.11.jar:/home/nan/.m2/repository/org/hamcrest/hamcrest-core/1.3/hamcrest-core-1.3.jar:/home/nan/.m2/repository/com/google/code/gson/gson/2.10/gson-2.10.jar:"/>
    <property name="sun.cpu.endian" value="little"/>
    <property name="user.home" value="/home/nan"/>
    <property name="user.language" value="en"/>
    <property name="java.specification.vendor" value="Oracle Corporation"/>
    <property name="java.version.date" value="2022-07-19"/>
    <property name="java.home" value="/home/nan/Tools/bin/openjdk-18.0.2_linux-x64_bin/jdk-18.0.2"/>
    <property name="file.separator" value="/"/>
    <property name="basedir" value="/home/nan/Devlearning/Language/java/belajar-apache-maven"/>
    <property name="java.vm.compressedOopsMode" value="Zero based"/>
    <property name="line.separator" value="&#10;"/>
    <property name="java.vm.specification.vendor" value="Oracle Corporation"/>
    <property name="java.specification.name" value="Java Platform API Specification"/>
    <property name="surefire.real.class.path" value="/home/nan/Devlearning/Language/java/belajar-apache-maven/target/surefire/surefirebooter16486694865979035974.jar"/>
    <property name="sun.management.compiler" value="HotSpot 64-Bit Tiered Compilers"/>
    <property name="java.runtime.version" value="18.0.2+9-61"/>
    <property name="user.name" value="nan"/>
    <property name="path.separator" value=":"/>
    <property name="os.version" value="5.15.0-53-generic"/>
    <property name="java.runtime.name" value="OpenJDK Runtime Environment"/>
    <property name="file.encoding" value="UTF-8"/>
    <property name="java.vm.name" value="OpenJDK 64-Bit Server VM"/>
    <property name="localRepository" value="/home/nan/.m2/repository"/>
    <property name="java.vendor.url.bug" value="https://bugreport.java.com/bugreport/"/>
    <property name="java.io.tmpdir" value="/tmp"/>
    <property name="java.version" value="18.0.2"/>
    <property name="user.dir" value="/home/nan/Devlearning/Language/java/belajar-apache-maven"/>
    <property name="os.arch" value="amd64"/>
    <property name="java.vm.specification.name" value="Java Virtual Machine Specification"/>
    <property name="native.encoding" value="UTF-8"/>
    <property name="java.library.path" value="/usr/java/packages/lib:/usr/lib64:/lib64:/lib:/usr/lib"/>
    <property name="java.vm.info" value="mixed mode, sharing"/>
    <property name="java.vendor" value="Oracle Corporation"/>
    <property name="java.vm.version" value="18.0.2+9-61"/>
    <property name="sun.io.unicode.encoding" value="UnicodeLittle"/>
    <property name="java.class.version" value="62.0"/>
  </properties>
  <testcase name="shouldAnswerWithTrue" classname="nandang.belajar.maven.AppTest" time="0.006"/>
</testsuite>